<?xml version="1.0" encoding="UTF-8"?>
<!-- Generated by org.testng.reporters.JUnitXMLReporter -->
<testsuite ignored="0" hostname="Sudiptas-MacBook-Air.local" failures="0" tests="2" name="Nopackage" time="17.035" errors="0" timestamp="2022-08-20T17:52:27 EDT">
  <testcase classname="io.cucumber.testng.AbstractTestNGCucumberTests" name="runScenario" time="8.602"/>
  <testcase classname="io.cucumber.testng.AbstractTestNGCucumberTests" name="runScenario" time="8.04"/>
</testsuite> <!-- Nopackage -->
